<?xml version="1.0" encoding="UTF-8"?>
<!-- Generated by org.testng.reporters.JUnitXMLReporter -->
<testsuite ignored="0" hostname="DESKTOP-MB87MAP" failures="0" tests="0" time="0.045" errors="0" timestamp="2024-08-22T15:16:28 JST">
  <testcase classname="pom.TestBase" name="@BeforeTest antic" time="-1.72430738823E9">
    <failure type="org.testng.TestNGException" message="
Parameter &amp;apos;browser&amp;apos; is required by BeforeTest on method antic but has not been marked @Optional or defined
">
      <![CDATA[org.testng.TestNGException: 
Parameter 'browser' is required by BeforeTest on method antic but has not been marked @Optional or defined

... Removed 26 stack frames]]>
    </failure>
  </testcase> <!-- @BeforeTest antic -->
  <testcase classname="pom.TestBase" name="@AfterTest aerobic" time="0.0">
    <skipped/>
  </testcase> <!-- @AfterTest aerobic -->
</testsuite>
