<?xml version="1.0" encoding="UTF-8"?>
<!-- Generated by org.testng.reporters.JUnitXMLReporter -->
<testsuite ignored="0" hostname="DESKTOP-MB87MAP" failures="0" tests="0" name="Test" time="0.141" errors="0" timestamp="2024-12-24T16:46:40 IST">
  <testcase classname="io.cucumber.testng.AbstractTestNGCucumberTests" name="@BeforeClass setUpClass" time="0.088">
    <failure type="java.lang.IllegalArgumentException" message="Illegal character in path at index 14: C:/Users/HP/3D Objects/Project71/src/test/java/stepDefinition">
      <![CDATA[java.lang.IllegalArgumentException: Illegal character in path at index 14: C:/Users/HP/3D Objects/Project71/src/test/java/stepDefinition
at java.base/java.net.URI.create(URI.java:932)
at io.cucumber.core.feature.GluePath.parseAssumeClasspathScheme(GluePath.java:81)
at io.cucumber.core.feature.GluePath.parse(GluePath.java:60)
at io.cucumber.core.options.CucumberOptionsAnnotationParser.addGlue(CucumberOptionsAnnotationParser.java:126)
at io.cucumber.core.options.CucumberOptionsAnnotationParser.parse(CucumberOptionsAnnotationParser.java:43)
at io.cucumber.testng.TestNGCucumberRunner.<init>(TestNGCucumberRunner.java:85)
at io.cucumber.testng.AbstractTestNGCucumberTests.setUpClass(AbstractTestNGCucumberTests.java:27)
at java.base/java.util.ArrayList.forEach(ArrayList.java:1596)
Caused by: java.net.URISyntaxException: Illegal character in path at index 14: C:/Users/HP/3D Objects/Project71/src/test/java/stepDefinition
at java.base/java.net.URI$Parser.fail(URI.java:2995)
at java.base/java.net.URI$Parser.checkChars(URI.java:3166)
at java.base/java.net.URI$Parser.parseHierarchical(URI.java:3248)
at java.base/java.net.URI$Parser.parse(URI.java:3196)
at java.base/java.net.URI.<init>(URI.java:645)
at java.base/java.net.URI.create(URI.java:930)
... 30 more
... Removed 23 stack frames]]>
    </failure>
  </testcase> <!-- @BeforeClass setUpClass -->
</testsuite> <!-- Test -->
